#
# There is insufficient memory for the Java Runtime Environment to continue.
# Native memory allocation (malloc) failed to allocate 1048576 bytes for AllocateHeap
# Possible reasons:
#   The system is out of physical RAM or swap space
#   The process is running with CompressedOops enabled, and the Java Heap may be blocking the growth of the native heap
# Possible solutions:
#   Reduce memory load on the system
#   Increase physical memory or swap space
#   Check if swap backing store is full
#   Decrease Java heap size (-Xmx/-Xms)
#   Decrease number of Java threads
#   Decrease Java thread stack sizes (-Xss)
#   Set larger code cache with -XX:ReservedCodeCacheSize=
#   JVM is running with Unscaled Compressed Oops mode in which the Java heap is
#     placed in the first 4GB address space. The Java Heap base address is the
#     maximum limit for the native heap growth. Please use -XX:HeapBaseMinAddress
#     to set the Java Heap base and to place the Java Heap above 4GB virtual address.
# This output file may be truncated or incomplete.
#
#  Out of Memory Error (memory/allocation.inline.hpp:61), pid=27872, tid=0x000000000000536c
#
# JRE version:  (8.0_401) (build )
# Java VM: Java HotSpot(TM) 64-Bit Server VM (25.401-b10 mixed mode windows-amd64 compressed oops)
# Failed to write core dump. Minidumps are not enabled by default on client versions of Windows
#

---------------  T H R E A D  ---------------

Current thread (0x000001eb9f586000):  JavaThread "Unknown thread" [_thread_in_vm, id=21356, stack(0x00000069f0900000,0x00000069f0a00000)]

Stack: [0x00000069f0900000,0x00000069f0a00000]
Native frames: (J=compiled Java code, j=interpreted, Vv=VM code, C=native code)
V  [jvm.dll+0x3530d9]
V  [jvm.dll+0x290072]
V  [jvm.dll+0x290c3d]
V  [jvm.dll+0x285275]
V  [jvm.dll+0x502d]
V  [jvm.dll+0x3f0c8c]
V  [jvm.dll+0x3ece57]
V  [jvm.dll+0x105adf]
V  [jvm.dll+0x21b0eb]
V  [jvm.dll+0x24c04a]
V  [jvm.dll+0x16d5e6]
C  [javaw.exe+0x2422]
C  [javaw.exe+0x16be0]
C  [KERNEL32.DLL+0x1257d]
C  [ntdll.dll+0x5aa58]


---------------  P R O C E S S  ---------------

Java Threads: ( => current thread )

Other Threads:

=>0x000001eb9f586000 (exited) JavaThread "Unknown thread" [_thread_in_vm, id=21356, stack(0x00000069f0900000,0x00000069f0a00000)]

VM state:not at safepoint (normal execution)

VM Mutex/Monitor currently owned by a thread: None

heap address: 0x0000000082800000, size: 2008 MB, Compressed Oops mode: 32-bit
Narrow klass base: 0x0000000000000000, Narrow klass shift: 3
Compressed class space size: 1073741824 Address: 0x0000000100000000

Heap:
 PSYoungGen      total 37888K, used 655K [0x00000000d6300000, 0x00000000d8d00000, 0x0000000100000000)
  eden space 32768K, 2% used [0x00000000d6300000,0x00000000d63a3d80,0x00000000d8300000)
  from space 5120K, 0% used [0x00000000d8800000,0x00000000d8800000,0x00000000d8d00000)
  to   space 5120K, 0% used [0x00000000d8300000,0x00000000d8300000,0x00000000d8800000)
 ParOldGen       total 86016K, used 0K [0x0000000082800000, 0x0000000087c00000, 0x00000000d6300000)
  object space 86016K, 0% used [0x0000000082800000,0x0000000082800000,0x0000000087c00000)
 Metaspace       used 775K, capacity 4480K, committed 4480K, reserved 1056768K
  class space    used 76K, capacity 384K, committed 384K, reserved 1048576K

Card table byte_map: [0x000001ebb02e0000,0x000001ebb06d0000] byte_map_base: 0x000001ebafecc000

Marking Bits: (ParMarkBitMap*) 0x00007ffb8d985fc0
 Begin Bits: [0x000001ebb0970000, 0x000001ebb28d0000)
 End Bits:   [0x000001ebb28d0000, 0x000001ebb4830000)

Polling page: 0x000001eba0ef0000

CodeCache: size=245760Kb used=329Kb max_used=329Kb free=245430Kb
 bounds [0x000001eba0f20000, 0x000001eba1190000, 0x000001ebaff20000]
 total_blobs=58 nmethods=0 adapters=38
 compilation: enabled

Compilation events (0 events):
No events

GC Heap History (0 events):
No events

Deoptimization events (0 events):
No events

Classes redefined (0 events):
No events

Internal exceptions (0 events):
No events

Events (10 events):
Event: 0.030 loading class java/lang/Short
Event: 0.030 loading class java/lang/Short done
Event: 0.030 loading class java/lang/Integer
Event: 0.030 loading class java/lang/Integer done
Event: 0.030 loading class java/lang/Long
Event: 0.030 loading class java/lang/Long done
Event: 0.031 loading class java/lang/NullPointerException
Event: 0.031 loading class java/lang/NullPointerException done
Event: 0.031 loading class java/lang/ArithmeticException
Event: 0.031 loading class java/lang/ArithmeticException done


Dynamic libraries:
0x00007ff7a3150000 - 0x00007ff7a319a000 	C:\Program Files\Java\jdk-1.8\bin\javaw.exe
0x00007ffbef050000 - 0x00007ffbef267000 	C:\WINDOWS\SYSTEM32\ntdll.dll
0x00007ffbee460000 - 0x00007ffbee524000 	C:\WINDOWS\System32\KERNEL32.DLL
0x00007ffbec8d0000 - 0x00007ffbecc76000 	C:\WINDOWS\System32\KERNELBASE.dll
0x00007ffbed230000 - 0x00007ffbed2e3000 	C:\WINDOWS\System32\ADVAPI32.dll
0x00007ffbeeac0000 - 0x00007ffbeeb67000 	C:\WINDOWS\System32\msvcrt.dll
0x00007ffbecea0000 - 0x00007ffbecf48000 	C:\WINDOWS\System32\sechost.dll
0x00007ffbec690000 - 0x00007ffbec6b8000 	C:\WINDOWS\System32\bcrypt.dll
0x00007ffbee340000 - 0x00007ffbee457000 	C:\WINDOWS\System32\RPCRT4.dll
0x00007ffbeeb70000 - 0x00007ffbeed1e000 	C:\WINDOWS\System32\USER32.dll
0x00007ffbec660000 - 0x00007ffbec686000 	C:\WINDOWS\System32\win32u.dll
0x00007ffbee050000 - 0x00007ffbee079000 	C:\WINDOWS\System32\GDI32.dll
0x00007ffbec390000 - 0x00007ffbec4a8000 	C:\WINDOWS\System32\gdi32full.dll
0x00007ffbec6c0000 - 0x00007ffbec75a000 	C:\WINDOWS\System32\msvcp_win.dll
0x00007ffbecc80000 - 0x00007ffbecd91000 	C:\WINDOWS\System32\ucrtbase.dll
0x00007ffbd0a90000 - 0x00007ffbd0d23000 	C:\WINDOWS\WinSxS\amd64_microsoft.windows.common-controls_6595b64144ccf1df_6.0.22621.2506_none_270c5ae97388e100\COMCTL32.dll
0x00007ffbeed20000 - 0x00007ffbeed51000 	C:\WINDOWS\System32\IMM32.DLL
0x00007ffbd9630000 - 0x00007ffbd964b000 	C:\Program Files\Java\jdk-1.8\jre\bin\vcruntime140.dll
0x00007ffbe5e20000 - 0x00007ffbe5e2c000 	C:\Program Files\Java\jdk-1.8\jre\bin\vcruntime140_1.dll
0x00007ffbbc1a0000 - 0x00007ffbbc22e000 	C:\Program Files\Java\jdk-1.8\jre\bin\msvcp140.dll
0x00007ffb8d150000 - 0x00007ffb8da00000 	C:\Program Files\Java\jdk-1.8\jre\bin\server\jvm.dll
0x00007ffbed690000 - 0x00007ffbed698000 	C:\WINDOWS\System32\PSAPI.DLL
0x00007ffbe5e10000 - 0x00007ffbe5e19000 	C:\WINDOWS\SYSTEM32\WSOCK32.dll
0x00007ffbee530000 - 0x00007ffbee5a1000 	C:\WINDOWS\System32\WS2_32.dll
0x00007ffbe4e70000 - 0x00007ffbe4ea4000 	C:\WINDOWS\SYSTEM32\WINMM.dll
0x00007ffbe3a00000 - 0x00007ffbe3a0a000 	C:\WINDOWS\SYSTEM32\VERSION.dll
0x00007ffbeb4b0000 - 0x00007ffbeb4c8000 	C:\WINDOWS\SYSTEM32\kernel.appcore.dll
0x00007ffbdcba0000 - 0x00007ffbdcbb0000 	C:\Program Files\Java\jdk-1.8\jre\bin\verify.dll
0x00007ffbce820000 - 0x00007ffbce84b000 	C:\Program Files\Java\jdk-1.8\jre\bin\java.dll
0x00007ffbd9610000 - 0x00007ffbd9628000 	C:\Program Files\Java\jdk-1.8\jre\bin\zip.dll
0x00007ffbe9b30000 - 0x00007ffbe9d63000 	C:\WINDOWS\SYSTEM32\dbghelp.dll
0x00007ffbed300000 - 0x00007ffbed689000 	C:\WINDOWS\System32\combase.dll
0x00007ffbedf60000 - 0x00007ffbee037000 	C:\WINDOWS\System32\OLEAUT32.dll
0x00007ffbec520000 - 0x00007ffbec59a000 	C:\WINDOWS\System32\bcryptPrimitives.dll

VM Arguments:
jvm_args: -Dfile.encoding=windows-1255 -Dstdout.encoding=windows-1255 -Dstderr.encoding=windows-1255 
java_command: application.Main
java_class_path (initial): C:\Users\salah\OneDrive\מסמכים\GitHub\SnakesLaddersGames_Wolf\bin;C:\Users\salah\.p2\pool\plugins\org.eclipse.fx.ide.css.jfx8_3.10.0.202303150700.jar
Launcher Type: SUN_STANDARD

Environment Variables:
PATH=C:\Program Files\Java\jdk-1.8\bin;C:\Program Files (x86)\VMware\VMware Player\bin\;C:\Program Files\Common Files\Oracle\Java\javapath;C:\Program Files (x86)\Common Files\Oracle\Java\javapath;C:\Windows\system32;C:\Windows;C:\Windows\System32\Wbem;C:\Windows\System32\WindowsPowerShell\v1.0\;C:\Windows\System32\OpenSSH\;C:\Program Files (x86)\NVIDIA Corporation\PhysX\Common;C:\Program Files\NVIDIA Corporation\NVIDIA NvDLISR;C:\WINDOWS\system32;C:\WINDOWS;C:\WINDOWS\System32\Wbem;C:\WINDOWS\System32\WindowsPowerShell\v1.0\;C:\WINDOWS\System32\OpenSSH\;C:\Program Files (x86)\Microsoft SQL Server\160\Tools\Binn\;C:\Program Files\Microsoft SQL Server\160\Tools\Binn\;C:\Program Files\Microsoft SQL Server\Client SDK\ODBC\170\Tools\Binn\;C:\Program Files\Microsoft SQL Server\160\DTS\Binn\;C:\Program Files (x86)\Microsoft SQL Server\160\DTS\Binn\;C:\Program Files\Azure Data Studio\bin;C:\Program Files\MySQL\MySQL Shell 8.0\bin\;C:\Users\salah\AppData\Local\Microsoft\WindowsApps;C:\Users\salah\AppData\Local\Programs\Microsoft VS Code\bin;C:\Program Files\Azure Data Studio\bin;C:\Users\salah\AppData\Local\GitHubDesktop\bin
USERNAME=salah
OS=Windows_NT
PROCESSOR_IDENTIFIER=Intel64 Family 6 Model 142 Stepping 12, GenuineIntel



---------------  S Y S T E M  ---------------

OS: Windows 11 , 64 bit Build 22621 (10.0.22621.2506)

CPU:total 8 (initial active 8) (4 cores per cpu, 2 threads per core) family 6 model 142 stepping 12, cmov, cx8, fxsr, mmx, sse, sse2, sse3, ssse3, sse4.1, sse4.2, popcnt, avx, avx2, aes, clmul, erms, 3dnowpref, lzcnt, ht, tsc, tscinvbit, bmi1, bmi2, adx

Memory: 4k page, physical 8218420k(452708k free), swap 33384244k(11420k free)

vm_info: Java HotSpot(TM) 64-Bit Server VM (25.401-b10) for windows-amd64 JRE (1.8.0_401-b10), built on Dec 19 2023 12:38:48 by "java_re" with MS VC++ 17.1 (VS2022)

time: Mon Feb 12 13:25:20 2024
timezone: Intel64 Family 6 Model 142 Stepping 12, GenuineIntel
elapsed time: 0.053459 seconds (0d 0h 0m 0s)

